TN:
SF:script/DeployProofOfPassportRegister.s.sol
FN:9,DeployProofOfPassportRegister.run
FNDA:44,DeployProofOfPassportRegister.run
DA:10,44
DA:11,44
DA:12,44
DA:14,44
DA:15,44
DA:24,44
DA:25,44
FNF:1
FNH:1
LF:7
LH:7
BRF:0
BRH:0
end_of_record
TN:
SF:script/HelperConfig.s.sol
FN:51,HelperConfig.
FNDA:44,HelperConfig.
DA:52,44
FN:55,HelperConfig.getConfigByChainId
FNDA:0,HelperConfig.getConfigByChainId
DA:56,88
BRDA:56,0,0,88
BRDA:56,0,1,-
DA:57,88
DA:58,0
BRDA:58,1,0,-
BRDA:58,1,1,-
DA:59,0
DA:61,0
FN:65,HelperConfig.getConfig
FNDA:88,HelperConfig.getConfig
DA:66,88
FN:69,HelperConfig.getOrCreateAnvilEthConfig
FNDA:44,HelperConfig.getOrCreateAnvilEthConfig
DA:71,44
BRDA:71,2,0,-
DA:72,0
DA:75,44
DA:76,44
DA:79,44
DA:81,44
DA:84,44
DA:85,44
DA:86,44
DA:87,44
DA:88,44
DA:90,44
DA:91,44
DA:93,44
DA:104,44
FNF:4
FNH:3
LF:22
LH:18
BRF:5
BRH:1
end_of_record
TN:
SF:src/MerkleTreeRegistry.sol
FN:18,MerkleTreeRegistry.
FNDA:44,MerkleTreeRegistry.
DA:19,44
FN:26,MerkleTreeRegistry.setRoot
FNDA:261,MerkleTreeRegistry.setRoot
DA:27,2
BRDA:27,0,0,1
DA:28,1
DA:31,1
DA:33,1
FN:41,MerkleTreeRegistry.checkRoot
FNDA:1,MerkleTreeRegistry.checkRoot
DA:42,1824
FN:48,MerkleTreeRegistry.getRoot
FNDA:2,MerkleTreeRegistry.getRoot
DA:49,2
FNF:4
FNH:4
LF:7
LH:7
BRF:1
BRH:1
end_of_record
TN:
SF:src/ProofOfPassportRegister.sol
FN:29,ProofOfPassportRegister.onlySigner
FNDA:2857,ProofOfPassportRegister.onlySigner
DA:30,2857
BRDA:30,0,0,259
DA:31,259
FN:36,ProofOfPassportRegister.
FNDA:44,ProofOfPassportRegister.
DA:45,44
BRDA:45,1,0,-
DA:46,0
DA:49,44
BRDA:49,2,0,-
DA:50,0
DA:53,44
DA:54,44
DA:57,44
DA:58,44
DA:61,44
DA:62,44
DA:65,44
FN:77,ProofOfPassportRegister.registerWithProof
FNDA:2857,ProofOfPassportRegister.registerWithProof
DA:84,1
BRDA:84,3,0,1
DA:85,1
DA:88,2597
DA:90,1300
DA:92,1300
FN:105,ProofOfPassportRegister.validateProof
FNDA:1299,ProofOfPassportRegister.validateProof
DA:112,1299
BRDA:112,4,0,1
DA:113,1
DA:116,1298
DA:118,1
FN:129,ProofOfPassportRegister.setVerifier
FNDA:565,ProofOfPassportRegister.setVerifier
DA:130,306
DA:132,46
DA:137,0
DA:138,1
DA:141,45
DA:143,45
FN:154,ProofOfPassportRegister.setCSCAVerifier
FNDA:565,ProofOfPassportRegister.setCSCAVerifier
DA:155,306
DA:157,46
DA:162,0
DA:163,1
DA:166,45
DA:168,45
FN:176,ProofOfPassportRegister.setSigner
FNDA:305,ProofOfPassportRegister.setSigner
DA:177,46
BRDA:177,5,0,1
DA:178,1
DA:181,45
DA:183,45
FN:191,ProofOfPassportRegister.removeVerifier
FNDA:261,ProofOfPassportRegister.removeVerifier
DA:192,2
DA:194,2
FN:202,ProofOfPassportRegister.removeCSCAVerifier
FNDA:260,ProofOfPassportRegister.removeCSCAVerifier
DA:203,1
DA:205,1
FN:213,ProofOfPassportRegister.removeSigner
FNDA:260,ProofOfPassportRegister.removeSigner
DA:214,1
DA:216,1
FN:230,ProofOfPassportRegister._verifyProof
FNDA:1305,ProofOfPassportRegister._verifyProof
DA:231,1305
FN:255,ProofOfPassportRegister._verifyProofCSCA
FNDA:1303,ProofOfPassportRegister._verifyProofCSCA
DA:260,1303
FN:283,ProofOfPassportRegister._performProofsChecks
FNDA:3895,ProofOfPassportRegister._performProofsChecks
DA:289,3895
BRDA:289,6,0,518
DA:290,518
DA:293,3377
BRDA:293,7,0,518
DA:294,518
DA:297,2859
BRDA:297,8,0,518
DA:298,518
DA:301,2341
BRDA:301,9,0,518
DA:302,518
DA:305,1823
BRDA:305,10,0,518
DA:306,518
DA:309,1305
BRDA:309,11,0,2
DA:310,2
DA:313,1303
BRDA:313,12,0,2
DA:314,2
FN:324,ProofOfPassportRegister._performVerifierChecks
FNDA:612,ProofOfPassportRegister._performVerifierChecks
DA:325,612
BRDA:325,13,0,2
DA:326,2
DA:329,610
DA:331,610
DA:333,610
BRDA:333,14,0,518
DA:334,518
FN:341,ProofOfPassportRegister.getAttestationId
FNDA:1,ProofOfPassportRegister.getAttestationId
DA:342,1
FN:345,ProofOfPassportRegister.isRegistered
FNDA:1,ProofOfPassportRegister.isRegistered
DA:346,1
FN:349,ProofOfPassportRegister.getVerifier
FNDA:3,ProofOfPassportRegister.getVerifier
DA:350,3
FN:353,ProofOfPassportRegister.getCSCAVerifier
FNDA:3,ProofOfPassportRegister.getCSCAVerifier
DA:354,3
FN:357,ProofOfPassportRegister.checkIfAddressIsSigner
FNDA:3,ProofOfPassportRegister.checkIfAddressIsSigner
DA:358,3
FNF:19
FNH:19
LF:71
LH:67
BRF:15
BRH:13
end_of_record
TN:
SF:src/verifiers/dsc/Verifier_dsc_4096.sol
FN:60,Verifier_dsc_4096.verifyProof
FNDA:0,Verifier_dsc_4096.verifyProof
FN:67,Verifier_dsc_4096.checkField
FNDA:0,Verifier_dsc_4096.checkField
DA:68,0
BRDA:68,0,0,-
DA:69,0
DA:70,0
FN:75,Verifier_dsc_4096.g1_mulAccC
FNDA:0,Verifier_dsc_4096.g1_mulAccC
DA:76,0
DA:77,0
DA:78,0
DA:79,0
DA:80,0
DA:82,0
DA:84,0
BRDA:84,1,0,-
DA:85,0
DA:86,0
DA:89,0
DA:90,0
DA:92,0
DA:94,0
BRDA:94,2,0,-
DA:95,0
DA:96,0
FN:100,Verifier_dsc_4096.checkPairing
FNDA:0,Verifier_dsc_4096.checkPairing
DA:101,0
DA:102,0
DA:104,0
DA:105,0
DA:109,0
DA:111,0
DA:114,0
DA:115,0
DA:118,0
DA:119,0
DA:120,0
DA:121,0
DA:124,0
DA:125,0
DA:128,0
DA:129,0
DA:130,0
DA:131,0
DA:134,0
DA:135,0
DA:138,0
DA:139,0
DA:140,0
DA:141,0
DA:144,0
DA:145,0
DA:148,0
DA:149,0
DA:150,0
DA:151,0
DA:153,0
DA:155,0
DA:158,0
DA:159,0
DA:163,0
DA:165,0
DA:167,0
DA:170,0
DA:172,0
DA:173,0
FNF:4
FNH:0
LF:58
LH:0
BRF:3
BRH:0
end_of_record
TN:
SF:src/verifiers/dsc/Verifier_dsc_sha1_rsa_2048.sol
FN:60,Verifier_dsc_sha1_rsa_2048.verifyProof
FNDA:0,Verifier_dsc_sha1_rsa_2048.verifyProof
FN:67,Verifier_dsc_sha1_rsa_2048.checkField
FNDA:0,Verifier_dsc_sha1_rsa_2048.checkField
DA:68,0
BRDA:68,0,0,-
DA:69,0
DA:70,0
FN:75,Verifier_dsc_sha1_rsa_2048.g1_mulAccC
FNDA:0,Verifier_dsc_sha1_rsa_2048.g1_mulAccC
DA:76,0
DA:77,0
DA:78,0
DA:79,0
DA:80,0
DA:82,0
DA:84,0
BRDA:84,1,0,-
DA:85,0
DA:86,0
DA:89,0
DA:90,0
DA:92,0
DA:94,0
BRDA:94,2,0,-
DA:95,0
DA:96,0
FN:100,Verifier_dsc_sha1_rsa_2048.checkPairing
FNDA:0,Verifier_dsc_sha1_rsa_2048.checkPairing
DA:101,0
DA:102,0
DA:104,0
DA:105,0
DA:109,0
DA:111,0
DA:114,0
DA:115,0
DA:118,0
DA:119,0
DA:120,0
DA:121,0
DA:124,0
DA:125,0
DA:128,0
DA:129,0
DA:130,0
DA:131,0
DA:134,0
DA:135,0
DA:138,0
DA:139,0
DA:140,0
DA:141,0
DA:144,0
DA:145,0
DA:148,0
DA:149,0
DA:150,0
DA:151,0
DA:153,0
DA:155,0
DA:158,0
DA:159,0
DA:163,0
DA:165,0
DA:167,0
DA:170,0
DA:172,0
DA:173,0
FNF:4
FNH:0
LF:58
LH:0
BRF:3
BRH:0
end_of_record
TN:
SF:src/verifiers/dsc/Verifier_dsc_sha1_rsa_4096.sol
FN:60,Verifier_dsc_sha1_rsa_4096.verifyProof
FNDA:0,Verifier_dsc_sha1_rsa_4096.verifyProof
FN:67,Verifier_dsc_sha1_rsa_4096.checkField
FNDA:0,Verifier_dsc_sha1_rsa_4096.checkField
DA:68,0
BRDA:68,0,0,-
DA:69,0
DA:70,0
FN:75,Verifier_dsc_sha1_rsa_4096.g1_mulAccC
FNDA:0,Verifier_dsc_sha1_rsa_4096.g1_mulAccC
DA:76,0
DA:77,0
DA:78,0
DA:79,0
DA:80,0
DA:82,0
DA:84,0
BRDA:84,1,0,-
DA:85,0
DA:86,0
DA:89,0
DA:90,0
DA:92,0
DA:94,0
BRDA:94,2,0,-
DA:95,0
DA:96,0
FN:100,Verifier_dsc_sha1_rsa_4096.checkPairing
FNDA:0,Verifier_dsc_sha1_rsa_4096.checkPairing
DA:101,0
DA:102,0
DA:104,0
DA:105,0
DA:109,0
DA:111,0
DA:114,0
DA:115,0
DA:118,0
DA:119,0
DA:120,0
DA:121,0
DA:124,0
DA:125,0
DA:128,0
DA:129,0
DA:130,0
DA:131,0
DA:134,0
DA:135,0
DA:138,0
DA:139,0
DA:140,0
DA:141,0
DA:144,0
DA:145,0
DA:148,0
DA:149,0
DA:150,0
DA:151,0
DA:153,0
DA:155,0
DA:158,0
DA:159,0
DA:163,0
DA:165,0
DA:167,0
DA:170,0
DA:172,0
DA:173,0
FNF:4
FNH:0
LF:58
LH:0
BRF:3
BRH:0
end_of_record
TN:
SF:src/verifiers/dsc/Verifier_dsc_sha256_rsa_2048.sol
FN:60,Verifier_dsc_sha256_rsa_2048.verifyProof
FNDA:44,Verifier_dsc_sha256_rsa_2048.verifyProof
FN:67,Verifier_dsc_sha256_rsa_2048.checkField
FNDA:44,Verifier_dsc_sha256_rsa_2048.checkField
DA:68,132
BRDA:68,0,0,-
DA:69,0
DA:70,0
FN:75,Verifier_dsc_sha256_rsa_2048.g1_mulAccC
FNDA:88,Verifier_dsc_sha256_rsa_2048.g1_mulAccC
DA:76,88
DA:77,88
DA:78,88
DA:79,88
DA:80,88
DA:82,88
DA:84,88
BRDA:84,1,0,-
DA:85,0
DA:86,0
DA:89,88
DA:90,88
DA:92,88
DA:94,88
BRDA:94,2,0,-
DA:95,0
DA:96,0
FN:100,Verifier_dsc_sha256_rsa_2048.checkPairing
FNDA:44,Verifier_dsc_sha256_rsa_2048.checkPairing
DA:101,44
DA:102,44
DA:104,44
DA:105,44
DA:109,44
DA:111,44
DA:114,44
DA:115,44
DA:118,44
DA:119,44
DA:120,44
DA:121,44
DA:124,44
DA:125,44
DA:128,44
DA:129,44
DA:130,44
DA:131,44
DA:134,44
DA:135,44
DA:138,44
DA:139,44
DA:140,44
DA:141,44
DA:144,44
DA:145,44
DA:148,44
DA:149,44
DA:150,44
DA:151,44
DA:153,44
DA:155,44
DA:158,44
DA:159,44
DA:163,44
DA:165,44
DA:167,44
DA:170,44
DA:172,44
DA:173,44
FNF:4
FNH:4
LF:58
LH:52
BRF:3
BRH:0
end_of_record
TN:
SF:src/verifiers/dsc/Verifier_dsc_sha256_rsa_4096.sol
FN:60,Verifier_dsc_sha256_rsa_4096.verifyProof
FNDA:1,Verifier_dsc_sha256_rsa_4096.verifyProof
FN:67,Verifier_dsc_sha256_rsa_4096.checkField
FNDA:1,Verifier_dsc_sha256_rsa_4096.checkField
DA:68,3
BRDA:68,0,0,-
DA:69,0
DA:70,0
FN:75,Verifier_dsc_sha256_rsa_4096.g1_mulAccC
FNDA:2,Verifier_dsc_sha256_rsa_4096.g1_mulAccC
DA:76,2
DA:77,2
DA:78,2
DA:79,2
DA:80,2
DA:82,2
DA:84,2
BRDA:84,1,0,-
DA:85,0
DA:86,0
DA:89,2
DA:90,2
DA:92,2
DA:94,2
BRDA:94,2,0,-
DA:95,0
DA:96,0
FN:100,Verifier_dsc_sha256_rsa_4096.checkPairing
FNDA:1,Verifier_dsc_sha256_rsa_4096.checkPairing
DA:101,1
DA:102,1
DA:104,1
DA:105,1
DA:109,1
DA:111,1
DA:114,1
DA:115,1
DA:118,1
DA:119,1
DA:120,1
DA:121,1
DA:124,1
DA:125,1
DA:128,1
DA:129,1
DA:130,1
DA:131,1
DA:134,1
DA:135,1
DA:138,1
DA:139,1
DA:140,1
DA:141,1
DA:144,1
DA:145,1
DA:148,1
DA:149,1
DA:150,1
DA:151,1
DA:153,1
DA:155,1
DA:158,1
DA:159,1
DA:163,1
DA:165,1
DA:167,1
DA:170,1
DA:172,1
DA:173,1
FNF:4
FNH:4
LF:58
LH:52
BRF:3
BRH:0
end_of_record
TN:
SF:src/verifiers/dsc/Verifier_dsc_sha256_rsapss_2048.sol
FN:60,Verifier_dsc_sha256_rsapss_2048.verifyProof
FNDA:0,Verifier_dsc_sha256_rsapss_2048.verifyProof
FN:67,Verifier_dsc_sha256_rsapss_2048.checkField
FNDA:0,Verifier_dsc_sha256_rsapss_2048.checkField
DA:68,0
BRDA:68,0,0,-
DA:69,0
DA:70,0
FN:75,Verifier_dsc_sha256_rsapss_2048.g1_mulAccC
FNDA:0,Verifier_dsc_sha256_rsapss_2048.g1_mulAccC
DA:76,0
DA:77,0
DA:78,0
DA:79,0
DA:80,0
DA:82,0
DA:84,0
BRDA:84,1,0,-
DA:85,0
DA:86,0
DA:89,0
DA:90,0
DA:92,0
DA:94,0
BRDA:94,2,0,-
DA:95,0
DA:96,0
FN:100,Verifier_dsc_sha256_rsapss_2048.checkPairing
FNDA:0,Verifier_dsc_sha256_rsapss_2048.checkPairing
DA:101,0
DA:102,0
DA:104,0
DA:105,0
DA:109,0
DA:111,0
DA:114,0
DA:115,0
DA:118,0
DA:119,0
DA:120,0
DA:121,0
DA:124,0
DA:125,0
DA:128,0
DA:129,0
DA:130,0
DA:131,0
DA:134,0
DA:135,0
DA:138,0
DA:139,0
DA:140,0
DA:141,0
DA:144,0
DA:145,0
DA:148,0
DA:149,0
DA:150,0
DA:151,0
DA:153,0
DA:155,0
DA:158,0
DA:159,0
DA:163,0
DA:165,0
DA:167,0
DA:170,0
DA:172,0
DA:173,0
FNF:4
FNH:0
LF:58
LH:0
BRF:3
BRH:0
end_of_record
TN:
SF:src/verifiers/register/Verifier_register_sha1WithRSAEncryption_65537.sol
FN:66,Verifier_register_sha1WithRSAEncryption_65537.verifyProof
FNDA:0,Verifier_register_sha1WithRSAEncryption_65537.verifyProof
FN:73,Verifier_register_sha1WithRSAEncryption_65537.checkField
FNDA:0,Verifier_register_sha1WithRSAEncryption_65537.checkField
DA:74,0
BRDA:74,0,0,-
DA:75,0
DA:76,0
FN:81,Verifier_register_sha1WithRSAEncryption_65537.g1_mulAccC
FNDA:0,Verifier_register_sha1WithRSAEncryption_65537.g1_mulAccC
DA:82,0
DA:83,0
DA:84,0
DA:85,0
DA:86,0
DA:88,0
DA:90,0
BRDA:90,1,0,-
DA:91,0
DA:92,0
DA:95,0
DA:96,0
DA:98,0
DA:100,0
BRDA:100,2,0,-
DA:101,0
DA:102,0
FN:106,Verifier_register_sha1WithRSAEncryption_65537.checkPairing
FNDA:0,Verifier_register_sha1WithRSAEncryption_65537.checkPairing
DA:107,0
DA:108,0
DA:110,0
DA:111,0
DA:115,0
DA:117,0
DA:119,0
DA:121,0
DA:124,0
DA:125,0
DA:128,0
DA:129,0
DA:130,0
DA:131,0
DA:134,0
DA:135,0
DA:138,0
DA:139,0
DA:140,0
DA:141,0
DA:144,0
DA:145,0
DA:148,0
DA:149,0
DA:150,0
DA:151,0
DA:154,0
DA:155,0
DA:158,0
DA:159,0
DA:160,0
DA:161,0
DA:163,0
DA:165,0
DA:168,0
DA:169,0
DA:173,0
DA:175,0
DA:177,0
DA:179,0
DA:181,0
DA:184,0
DA:186,0
DA:187,0
FNF:4
FNH:0
LF:62
LH:0
BRF:3
BRH:0
end_of_record
TN:
SF:src/verifiers/register/Verifier_register_sha256WithRSAEncryption_65537.sol
FN:66,Verifier_register_sha256WithRSAEncryption_65537.verifyProof
FNDA:44,Verifier_register_sha256WithRSAEncryption_65537.verifyProof
FN:73,Verifier_register_sha256WithRSAEncryption_65537.checkField
FNDA:44,Verifier_register_sha256WithRSAEncryption_65537.checkField
DA:74,220
BRDA:74,0,0,-
DA:75,0
DA:76,0
FN:81,Verifier_register_sha256WithRSAEncryption_65537.g1_mulAccC
FNDA:176,Verifier_register_sha256WithRSAEncryption_65537.g1_mulAccC
DA:82,176
DA:83,176
DA:84,176
DA:85,176
DA:86,176
DA:88,176
DA:90,176
BRDA:90,1,0,-
DA:91,0
DA:92,0
DA:95,176
DA:96,176
DA:98,176
DA:100,176
BRDA:100,2,0,-
DA:101,0
DA:102,0
FN:106,Verifier_register_sha256WithRSAEncryption_65537.checkPairing
FNDA:44,Verifier_register_sha256WithRSAEncryption_65537.checkPairing
DA:107,44
DA:108,44
DA:110,44
DA:111,44
DA:115,44
DA:117,44
DA:119,44
DA:121,44
DA:124,44
DA:125,44
DA:128,44
DA:129,44
DA:130,44
DA:131,44
DA:134,44
DA:135,44
DA:138,44
DA:139,44
DA:140,44
DA:141,44
DA:144,44
DA:145,44
DA:148,44
DA:149,44
DA:150,44
DA:151,44
DA:154,44
DA:155,44
DA:158,44
DA:159,44
DA:160,44
DA:161,44
DA:163,44
DA:165,44
DA:168,44
DA:169,44
DA:173,44
DA:175,44
DA:177,44
DA:179,44
DA:181,44
DA:184,44
DA:186,44
DA:187,44
FNF:4
FNH:4
LF:62
LH:56
BRF:3
BRH:0
end_of_record
TN:
SF:src/verifiers/register/Verifier_register_sha256WithRSASSAPSS_65537.sol
FN:66,Verifier_register_sha256WithRSASSAPSS_65537.verifyProof
FNDA:1,Verifier_register_sha256WithRSASSAPSS_65537.verifyProof
FN:73,Verifier_register_sha256WithRSASSAPSS_65537.checkField
FNDA:1,Verifier_register_sha256WithRSASSAPSS_65537.checkField
DA:74,5
BRDA:74,0,0,-
DA:75,0
DA:76,0
FN:81,Verifier_register_sha256WithRSASSAPSS_65537.g1_mulAccC
FNDA:4,Verifier_register_sha256WithRSASSAPSS_65537.g1_mulAccC
DA:82,4
DA:83,4
DA:84,4
DA:85,4
DA:86,4
DA:88,4
DA:90,4
BRDA:90,1,0,-
DA:91,0
DA:92,0
DA:95,4
DA:96,4
DA:98,4
DA:100,4
BRDA:100,2,0,-
DA:101,0
DA:102,0
FN:106,Verifier_register_sha256WithRSASSAPSS_65537.checkPairing
FNDA:1,Verifier_register_sha256WithRSASSAPSS_65537.checkPairing
DA:107,1
DA:108,1
DA:110,1
DA:111,1
DA:115,1
DA:117,1
DA:119,1
DA:121,1
DA:124,1
DA:125,1
DA:128,1
DA:129,1
DA:130,1
DA:131,1
DA:134,1
DA:135,1
DA:138,1
DA:139,1
DA:140,1
DA:141,1
DA:144,1
DA:145,1
DA:148,1
DA:149,1
DA:150,1
DA:151,1
DA:154,1
DA:155,1
DA:158,1
DA:159,1
DA:160,1
DA:161,1
DA:163,1
DA:165,1
DA:168,1
DA:169,1
DA:173,1
DA:175,1
DA:177,1
DA:179,1
DA:181,1
DA:184,1
DA:186,1
DA:187,1
FNF:4
FNH:4
LF:62
LH:56
BRF:3
BRH:0
end_of_record
TN:
SF:src/verifiers/register/Verifier_register_sha256_rsa_65537.sol
FN:66,Verifier_register_sha256_rsa_65537.verifyProof
FNDA:0,Verifier_register_sha256_rsa_65537.verifyProof
FN:73,Verifier_register_sha256_rsa_65537.checkField
FNDA:0,Verifier_register_sha256_rsa_65537.checkField
DA:74,0
BRDA:74,0,0,-
DA:75,0
DA:76,0
FN:81,Verifier_register_sha256_rsa_65537.g1_mulAccC
FNDA:0,Verifier_register_sha256_rsa_65537.g1_mulAccC
DA:82,0
DA:83,0
DA:84,0
DA:85,0
DA:86,0
DA:88,0
DA:90,0
BRDA:90,1,0,-
DA:91,0
DA:92,0
DA:95,0
DA:96,0
DA:98,0
DA:100,0
BRDA:100,2,0,-
DA:101,0
DA:102,0
FN:106,Verifier_register_sha256_rsa_65537.checkPairing
FNDA:0,Verifier_register_sha256_rsa_65537.checkPairing
DA:107,0
DA:108,0
DA:110,0
DA:111,0
DA:115,0
DA:117,0
DA:119,0
DA:121,0
DA:124,0
DA:125,0
DA:128,0
DA:129,0
DA:130,0
DA:131,0
DA:134,0
DA:135,0
DA:138,0
DA:139,0
DA:140,0
DA:141,0
DA:144,0
DA:145,0
DA:148,0
DA:149,0
DA:150,0
DA:151,0
DA:154,0
DA:155,0
DA:158,0
DA:159,0
DA:160,0
DA:161,0
DA:163,0
DA:165,0
DA:168,0
DA:169,0
DA:173,0
DA:175,0
DA:177,0
DA:179,0
DA:181,0
DA:184,0
DA:186,0
DA:187,0
FNF:4
FNH:0
LF:62
LH:0
BRF:3
BRH:0
end_of_record
